[INFO] MASTER: Starting with 398 frames and 3 workers
[ERROR] WORKER 1: Failed to load frame frames/frame_0000.jpg
[INFO] WORKER 2: Saved output/output_mpi/frame_0001.jpg
[INFO] WORKER 1: Saved output/output_mpi/frame_0003.jpg
[INFO] WORKER 3: Saved output/output_mpi/frame_0002.jpg
[INFO] WORKER 2: Saved output/output_mpi/frame_0004.jpg
[INFO] WORKER 2: Saved output/output_mpi/frame_0007.jpg
[INFO] WORKER 3: Saved output/output_mpi/frame_0006.jpg
[INFO] WORKER 1: Saved output/output_mpi/frame_0005.jpg
[INFO] WORKER 2: Saved output/output_mpi/frame_0008.jpg
[INFO] WORKER 3: Saved output/output_mpi/frame_0009.jpg
[INFO] WORKER 1: Saved output/output_mpi/frame_0010.jpg
[INFO] WORKER 2: Saved output/output_mpi/frame_0011.jpg
[INFO] WORKER 3: Saved output/output_mpi/frame_0012.jpg
[INFO] WORKER 1: Saved output/output_mpi/frame_0013.jpg
[INFO] WORKER 2: Saved output/output_mpi/frame_0014.jpg
[INFO] WORKER 3: Saved output/output_mpi/frame_0015.jpg
[INFO] WORKER 1: Saved output/output_mpi/frame_0016.jpg
[INFO] WORKER 2: Saved output/output_mpi/frame_0017.jpg
[INFO] WORKER 1: Saved output/output_mpi/frame_0019.jpg
[INFO] WORKER 3: Saved output/output_mpi/frame_0018.jpg
[INFO] WORKER 2: Saved output/output_mpi/frame_0020.jpg
[INFO] WORKER 1: Saved output/output_mpi/frame_0021.jpg
[INFO] WORKER 3: Saved output/output_mpi/frame_0022.jpg
[INFO] WORKER 2: Saved output/output_mpi/frame_0023.jpg
[INFO] WORKER 1: Saved output/output_mpi/frame_0024.jpg
[INFO] WORKER 3: Saved output/output_mpi/frame_0025.jpg
[INFO] WORKER 2: Saved output/output_mpi/frame_0026.jpg
[INFO] WORKER 1: Saved output/output_mpi/frame_0027.jpg
[INFO] WORKER 3: Saved output/output_mpi/frame_0028.jpg
[INFO] WORKER 2: Saved output/output_mpi/frame_0029.jpg
[INFO] WORKER 1: Saved output/output_mpi/frame_0030.jpg
[INFO] WORKER 2: Saved output/output_mpi/frame_0032.jpg
[INFO] WORKER 3: Saved output/output_mpi/frame_0031.jpg
[INFO] WORKER 2: Saved output/output_mpi/frame_0034.jpg
[INFO] WORKER 1: Saved output/output_mpi/frame_0033.jpg
[INFO] WORKER 3: Saved output/output_mpi/frame_0035.jpg
[INFO] WORKER 2: Saved output/output_mpi/frame_0036.jpg
[INFO] WORKER 3: Saved output/output_mpi/frame_0038.jpg
[INFO] WORKER 1: Saved output/output_mpi/frame_0037.jpg
[INFO] WORKER 3: Saved output/output_mpi/frame_0040.jpg
[INFO] WORKER 2: Saved output/output_mpi/frame_0039.jpg
[INFO] WORKER 1: Saved output/output_mpi/frame_0041.jpg
[INFO] WORKER 3: Saved output/output_mpi/frame_0042.jpg
[INFO] WORKER 1: Saved output/output_mpi/frame_0044.jpg
[INFO] WORKER 2: Saved output/output_mpi/frame_0043.jpg
[INFO] WORKER 2: Saved output/output_mpi/frame_0047.jpg
[INFO] WORKER 1: Saved output/output_mpi/frame_0046.jpg
[INFO] WORKER 3: Saved output/output_mpi/frame_0045.jpg
[INFO] WORKER 2: Saved output/output_mpi/frame_0048.jpg
[INFO] WORKER 1: Saved output/output_mpi/frame_0049.jpg
[INFO] WORKER 3: Saved output/output_mpi/frame_0050.jpg
[INFO] WORKER 2: Saved output/output_mpi/frame_0051.jpg
[INFO] WORKER 3: Saved output/output_mpi/frame_0053.jpg
[INFO] WORKER 1: Saved output/output_mpi/frame_0052.jpg
[INFO] WORKER 2: Saved output/output_mpi/frame_0054.jpg
[INFO] WORKER 1: Saved output/output_mpi/frame_0056.jpg
[INFO] WORKER 3: Saved output/output_mpi/frame_0055.jpg
[INFO] WORKER 2: Saved output/output_mpi/frame_0057.jpg
[INFO] WORKER 1: Saved output/output_mpi/frame_0058.jpg
[INFO] WORKER 3: Saved output/output_mpi/frame_0059.jpg
[INFO] WORKER 2: Saved output/output_mpi/frame_0060.jpg
[INFO] WORKER 1: Saved output/output_mpi/frame_0061.jpg
[INFO] WORKER 3: Saved output/output_mpi/frame_0062.jpg
[INFO] WORKER 1: Saved output/output_mpi/frame_0064.jpg
[INFO] WORKER 2: Saved output/output_mpi/frame_0063.jpg
[INFO] WORKER 3: Saved output/output_mpi/frame_0065.jpg
[INFO] WORKER 1: Saved output/output_mpi/frame_0067.jpg
[INFO] WORKER 2: Saved output/output_mpi/frame_0066.jpg
[INFO] WORKER 3: Saved output/output_mpi/frame_0068.jpg
[INFO] WORKER 1: Saved output/output_mpi/frame_0069.jpg
[INFO] WORKER 2: Saved output/output_mpi/frame_0070.jpg
[INFO] WORKER 3: Saved output/output_mpi/frame_0071.jpg
[INFO] WORKER 1: Saved output/output_mpi/frame_0072.jpg
[INFO] WORKER 2: Saved output/output_mpi/frame_0073.jpg
[INFO] WORKER 3: Saved output/output_mpi/frame_0074.jpg
[INFO] WORKER 1: Saved output/output_mpi/frame_0075.jpg
[INFO] WORKER 2: Saved output/output_mpi/frame_0076.jpg
[INFO] WORKER 3: Saved output/output_mpi/frame_0077.jpg
[INFO] WORKER 2: Saved output/output_mpi/frame_0079.jpg
[INFO] WORKER 1: Saved output/output_mpi/frame_0078.jpg
[INFO] WORKER 3: Saved output/output_mpi/frame_0080.jpg
[INFO] WORKER 3: Saved output/output_mpi/frame_0083.jpg
[INFO] WORKER 2: Saved output/output_mpi/frame_0081.jpg
[INFO] WORKER 1: Saved output/output_mpi/frame_0082.jpg
[INFO] WORKER 3: Saved output/output_mpi/frame_0084.jpg
[INFO] WORKER 2: Saved output/output_mpi/frame_0085.jpg
[INFO] WORKER 1: Saved output/output_mpi/frame_0086.jpg
[INFO] WORKER 3: Saved output/output_mpi/frame_0087.jpg
[INFO] WORKER 2: Saved output/output_mpi/frame_0088.jpg
[INFO] WORKER 1: Saved output/output_mpi/frame_0089.jpg
[INFO] WORKER 3: Saved output/output_mpi/frame_0090.jpg
[INFO] WORKER 1: Saved output/output_mpi/frame_0092.jpg
[INFO] WORKER 2: Saved output/output_mpi/frame_0091.jpg
[INFO] WORKER 3: Saved output/output_mpi/frame_0093.jpg
[INFO] WORKER 1: Saved output/output_mpi/frame_0094.jpg
[INFO] WORKER 2: Saved output/output_mpi/frame_0095.jpg
[INFO] WORKER 3: Saved output/output_mpi/frame_0096.jpg
[INFO] WORKER 1: Saved output/output_mpi/frame_0097.jpg
[INFO] WORKER 2: Saved output/output_mpi/frame_0098.jpg
[INFO] WORKER 3: Saved output/output_mpi/frame_0099.jpg
[INFO] WORKER 1: Saved output/output_mpi/frame_0100.jpg
[INFO] WORKER 2: Saved output/output_mpi/frame_0101.jpg
[INFO] WORKER 3: Saved output/output_mpi/frame_0102.jpg
[INFO] WORKER 1: Saved output/output_mpi/frame_0103.jpg
[INFO] WORKER 2: Saved output/output_mpi/frame_0104.jpg
[INFO] WORKER 3: Saved output/output_mpi/frame_0105.jpg
[INFO] WORKER 1: Saved output/output_mpi/frame_0106.jpg
[INFO] WORKER 2: Saved output/output_mpi/frame_0107.jpg
[INFO] WORKER 3: Saved output/output_mpi/frame_0108.jpg
[INFO] WORKER 1: Saved output/output_mpi/frame_0109.jpg
[INFO] WORKER 2: Saved output/output_mpi/frame_0110.jpg
[INFO] WORKER 3: Saved output/output_mpi/frame_0111.jpg
[INFO] WORKER 1: Saved output/output_mpi/frame_0112.jpg
[INFO] WORKER 2: Saved output/output_mpi/frame_0113.jpg
[INFO] WORKER 1: Saved output/output_mpi/frame_0115.jpg
[INFO] WORKER 3: Saved output/output_mpi/frame_0114.jpg
[INFO] WORKER 1: Saved output/output_mpi/frame_0117.jpg
[INFO] WORKER 2: Saved output/output_mpi/frame_0116.jpg
[INFO] WORKER 3: Saved output/output_mpi/frame_0118.jpg
[INFO] WORKER 1: Saved output/output_mpi/frame_0119.jpg
[INFO] WORKER 2: Saved output/output_mpi/frame_0120.jpg
[INFO] WORKER 1: Saved output/output_mpi/frame_0122.jpg
[INFO] WORKER 3: Saved output/output_mpi/frame_0121.jpg
[INFO] WORKER 1: Saved output/output_mpi/frame_0124.jpg
[INFO] WORKER 2: Saved output/output_mpi/frame_0123.jpg
[INFO] WORKER 3: Saved output/output_mpi/frame_0125.jpg
[INFO] WORKER 1: Saved output/output_mpi/frame_0126.jpg
[INFO] WORKER 2: Saved output/output_mpi/frame_0127.jpg
[INFO] WORKER 1: Saved output/output_mpi/frame_0129.jpg
[INFO] WORKER 3: Saved output/output_mpi/frame_0128.jpg
[INFO] WORKER 1: Saved output/output_mpi/frame_0131.jpg
[INFO] WORKER 2: Saved output/output_mpi/frame_0130.jpg
[INFO] WORKER 3: Saved output/output_mpi/frame_0132.jpg
[INFO] WORKER 1: Saved output/output_mpi/frame_0133.jpg
[INFO] WORKER 2: Saved output/output_mpi/frame_0134.jpg
[INFO] WORKER 1: Saved output/output_mpi/frame_0136.jpg
[INFO] WORKER 3: Saved output/output_mpi/frame_0135.jpg
[INFO] WORKER 2: Saved output/output_mpi/frame_0137.jpg
[INFO] WORKER 1: Saved output/output_mpi/frame_0138.jpg
[INFO] WORKER 3: Saved output/output_mpi/frame_0139.jpg
[INFO] WORKER 2: Saved output/output_mpi/frame_0140.jpg
[INFO] WORKER 1: Saved output/output_mpi/frame_0141.jpg
[INFO] WORKER 3: Saved output/output_mpi/frame_0142.jpg
[INFO] WORKER 2: Saved output/output_mpi/frame_0143.jpg
[INFO] WORKER 1: Saved output/output_mpi/frame_0144.jpg
[INFO] WORKER 3: Saved output/output_mpi/frame_0145.jpg
[INFO] WORKER 2: Saved output/output_mpi/frame_0146.jpg
[INFO] WORKER 1: Saved output/output_mpi/frame_0147.jpg
[INFO] WORKER 3: Saved output/output_mpi/frame_0148.jpg
[INFO] WORKER 2: Saved output/output_mpi/frame_0149.jpg
[INFO] WORKER 1: Saved output/output_mpi/frame_0150.jpg
[INFO] WORKER 3: Saved output/output_mpi/frame_0151.jpg
[INFO] WORKER 2: Saved output/output_mpi/frame_0152.jpg
[INFO] WORKER 1: Saved output/output_mpi/frame_0153.jpg
[INFO] WORKER 3: Saved output/output_mpi/frame_0154.jpg
[INFO] WORKER 2: Saved output/output_mpi/frame_0155.jpg
[INFO] WORKER 1: Saved output/output_mpi/frame_0156.jpg
[INFO] WORKER 3: Saved output/output_mpi/frame_0157.jpg
[INFO] WORKER 2: Saved output/output_mpi/frame_0158.jpg
[INFO] WORKER 1: Saved output/output_mpi/frame_0159.jpg
[INFO] WORKER 3: Saved output/output_mpi/frame_0160.jpg
[INFO] WORKER 2: Saved output/output_mpi/frame_0161.jpg
[INFO] WORKER 1: Saved output/output_mpi/frame_0162.jpg
[INFO] WORKER 3: Saved output/output_mpi/frame_0163.jpg
[INFO] WORKER 2: Saved output/output_mpi/frame_0164.jpg
[INFO] WORKER 1: Saved output/output_mpi/frame_0165.jpg
[INFO] WORKER 3: Saved output/output_mpi/frame_0166.jpg
[INFO] WORKER 2: Saved output/output_mpi/frame_0167.jpg
[INFO] WORKER 1: Saved output/output_mpi/frame_0168.jpg
[INFO] WORKER 3: Saved output/output_mpi/frame_0169.jpg
[INFO] WORKER 2: Saved output/output_mpi/frame_0170.jpg
[INFO] WORKER 1: Saved output/output_mpi/frame_0171.jpg
[INFO] WORKER 3: Saved output/output_mpi/frame_0172.jpg
[INFO] WORKER 2: Saved output/output_mpi/frame_0173.jpg
[INFO] WORKER 1: Saved output/output_mpi/frame_0174.jpg
[INFO] WORKER 3: Saved output/output_mpi/frame_0175.jpg
[INFO] WORKER 2: Saved output/output_mpi/frame_0176.jpg
[INFO] WORKER 1: Saved output/output_mpi/frame_0177.jpg
[INFO] WORKER 3: Saved output/output_mpi/frame_0178.jpg
[INFO] WORKER 2: Saved output/output_mpi/frame_0179.jpg
[INFO] WORKER 3: Saved output/output_mpi/frame_0181.jpg
[INFO] WORKER 1: Saved output/output_mpi/frame_0180.jpg
[INFO] WORKER 2: Saved output/output_mpi/frame_0182.jpg
[INFO] WORKER 3: Saved output/output_mpi/frame_0183.jpg
[INFO] WORKER 1: Saved output/output_mpi/frame_0184.jpg
[INFO] WORKER 2: Saved output/output_mpi/frame_0185.jpg
[INFO] WORKER 3: Saved output/output_mpi/frame_0186.jpg
[INFO] WORKER 2: Saved output/output_mpi/frame_0188.jpg
[INFO] WORKER 1: Saved output/output_mpi/frame_0187.jpg
[INFO] WORKER 3: Saved output/output_mpi/frame_0189.jpg
[INFO] WORKER 2: Saved output/output_mpi/frame_0190.jpg
[INFO] WORKER 1: Saved output/output_mpi/frame_0191.jpg
[INFO] WORKER 3: Saved output/output_mpi/frame_0192.jpg
[INFO] WORKER 2: Saved output/output_mpi/frame_0193.jpg
[INFO] WORKER 1: Saved output/output_mpi/frame_0194.jpg
[INFO] WORKER 3: Saved output/output_mpi/frame_0195.jpg
[INFO] WORKER 2: Saved output/output_mpi/frame_0196.jpg
[INFO] WORKER 1: Saved output/output_mpi/frame_0197.jpg
[INFO] WORKER 3: Saved output/output_mpi/frame_0198.jpg
[INFO] WORKER 2: Saved output/output_mpi/frame_0199.jpg
[INFO] WORKER 1: Saved output/output_mpi/frame_0200.jpg
[INFO] WORKER 3: Saved output/output_mpi/frame_0201.jpg
[INFO] WORKER 2: Saved output/output_mpi/frame_0202.jpg
[INFO] WORKER 1: Saved output/output_mpi/frame_0203.jpg
[INFO] WORKER 3: Saved output/output_mpi/frame_0204.jpg
[INFO] WORKER 2: Saved output/output_mpi/frame_0205.jpg
[INFO] WORKER 1: Saved output/output_mpi/frame_0206.jpg
[INFO] WORKER 3: Saved output/output_mpi/frame_0207.jpg
[INFO] WORKER 2: Saved output/output_mpi/frame_0208.jpg
[INFO] WORKER 1: Saved output/output_mpi/frame_0209.jpg
[INFO] WORKER 3: Saved output/output_mpi/frame_0210.jpg
[INFO] WORKER 2: Saved output/output_mpi/frame_0211.jpg
[INFO] WORKER 1: Saved output/output_mpi/frame_0212.jpg
[INFO] WORKER 3: Saved output/output_mpi/frame_0213.jpg
[INFO] WORKER 2: Saved output/output_mpi/frame_0214.jpg
[INFO] WORKER 1: Saved output/output_mpi/frame_0215.jpg
[INFO] WORKER 3: Saved output/output_mpi/frame_0216.jpg
[INFO] WORKER 2: Saved output/output_mpi/frame_0217.jpg
[INFO] WORKER 1: Saved output/output_mpi/frame_0218.jpg
[INFO] WORKER 3: Saved output/output_mpi/frame_0219.jpg
[INFO] WORKER 1: Saved output/output_mpi/frame_0221.jpg
[INFO] WORKER 2: Saved output/output_mpi/frame_0220.jpg
[INFO] WORKER 3: Saved output/output_mpi/frame_0222.jpg
[INFO] WORKER 1: Saved output/output_mpi/frame_0223.jpg
[INFO] WORKER 2: Saved output/output_mpi/frame_0224.jpg
[INFO] WORKER 3: Saved output/output_mpi/frame_0225.jpg
[INFO] WORKER 1: Saved output/output_mpi/frame_0226.jpg
[INFO] WORKER 3: Saved output/output_mpi/frame_0228.jpg
[INFO] WORKER 1: Saved output/output_mpi/frame_0229.jpg
[INFO] WORKER 2: Saved output/output_mpi/frame_0227.jpg
[INFO] WORKER 3: Saved output/output_mpi/frame_0230.jpg
[INFO] WORKER 1: Saved output/output_mpi/frame_0231.jpg
[INFO] WORKER 3: Saved output/output_mpi/frame_0233.jpg
[INFO] WORKER 2: Saved output/output_mpi/frame_0232.jpg
[INFO] WORKER 1: Saved output/output_mpi/frame_0234.jpg
[INFO] WORKER 3: Saved output/output_mpi/frame_0235.jpg
[INFO] WORKER 1: Saved output/output_mpi/frame_0237.jpg
[INFO] WORKER 2: Saved output/output_mpi/frame_0236.jpg
[INFO] WORKER 3: Saved output/output_mpi/frame_0238.jpg
[INFO] WORKER 1: Saved output/output_mpi/frame_0239.jpg
[INFO] WORKER 3: Saved output/output_mpi/frame_0241.jpg
[INFO] WORKER 1: Saved output/output_mpi/frame_0242.jpg
[INFO] WORKER 2: Saved output/output_mpi/frame_0240.jpg
[INFO] WORKER 3: Saved output/output_mpi/frame_0243.jpg
[INFO] WORKER 1: Saved output/output_mpi/frame_0244.jpg
[INFO] WORKER 2: Saved output/output_mpi/frame_0245.jpg
[INFO] WORKER 3: Saved output/output_mpi/frame_0246.jpg
[INFO] WORKER 1: Saved output/output_mpi/frame_0247.jpg
[INFO] WORKER 3: Saved output/output_mpi/frame_0249.jpg
[INFO] WORKER 1: Saved output/output_mpi/frame_0250.jpg
[INFO] WORKER 2: Saved output/output_mpi/frame_0248.jpg
[INFO] WORKER 3: Saved output/output_mpi/frame_0251.jpg
[INFO] WORKER 1: Saved output/output_mpi/frame_0252.jpg
[INFO] WORKER 3: Saved output/output_mpi/frame_0254.jpg
[INFO] WORKER 2: Saved output/output_mpi/frame_0253.jpg
[INFO] WORKER 1: Saved output/output_mpi/frame_0255.jpg
[INFO] WORKER 3: Saved output/output_mpi/frame_0256.jpg
[INFO] WORKER 1: Saved output/output_mpi/frame_0258.jpg
[INFO] WORKER 2: Saved output/output_mpi/frame_0257.jpg
[INFO] WORKER 3: Saved output/output_mpi/frame_0259.jpg
[INFO] WORKER 1: Saved output/output_mpi/frame_0260.jpg
[INFO] WORKER 3: Saved output/output_mpi/frame_0262.jpg
[INFO] WORKER 1: Saved output/output_mpi/frame_0263.jpg
[INFO] WORKER 2: Saved output/output_mpi/frame_0261.jpg
[INFO] WORKER 3: Saved output/output_mpi/frame_0264.jpg
[INFO] WORKER 1: Saved output/output_mpi/frame_0265.jpg
[INFO] WORKER 2: Saved output/output_mpi/frame_0266.jpg
[INFO] WORKER 3: Saved output/output_mpi/frame_0267.jpg
[INFO] WORKER 1: Saved output/output_mpi/frame_0268.jpg
[INFO] WORKER 3: Saved output/output_mpi/frame_0270.jpg
[INFO] WORKER 1: Saved output/output_mpi/frame_0271.jpg
[INFO] WORKER 2: Saved output/output_mpi/frame_0269.jpg
[INFO] WORKER 3: Saved output/output_mpi/frame_0272.jpg
[INFO] WORKER 1: Saved output/output_mpi/frame_0273.jpg
[INFO] WORKER 2: Saved output/output_mpi/frame_0274.jpg
[INFO] WORKER 3: Saved output/output_mpi/frame_0275.jpg
[INFO] WORKER 1: Saved output/output_mpi/frame_0276.jpg
[INFO] WORKER 2: Saved output/output_mpi/frame_0277.jpg
[INFO] WORKER 3: Saved output/output_mpi/frame_0278.jpg
[INFO] WORKER 1: Saved output/output_mpi/frame_0279.jpg
[INFO] WORKER 2: Saved output/output_mpi/frame_0280.jpg
[INFO] WORKER 3: Saved output/output_mpi/frame_0281.jpg
[INFO] WORKER 1: Saved output/output_mpi/frame_0282.jpg
[INFO] WORKER 2: Saved output/output_mpi/frame_0283.jpg
[INFO] WORKER 3: Saved output/output_mpi/frame_0284.jpg
[INFO] WORKER 1: Saved output/output_mpi/frame_0285.jpg
[INFO] WORKER 2: Saved output/output_mpi/frame_0286.jpg
[INFO] WORKER 3: Saved output/output_mpi/frame_0287.jpg
[INFO] WORKER 1: Saved output/output_mpi/frame_0288.jpg
[INFO] WORKER 2: Saved output/output_mpi/frame_0289.jpg
[INFO] WORKER 3: Saved output/output_mpi/frame_0290.jpg
[INFO] WORKER 1: Saved output/output_mpi/frame_0291.jpg
[INFO] WORKER 2: Saved output/output_mpi/frame_0292.jpg
[INFO] WORKER 3: Saved output/output_mpi/frame_0293.jpg
[INFO] WORKER 1: Saved output/output_mpi/frame_0294.jpg
[INFO] WORKER 2: Saved output/output_mpi/frame_0295.jpg
[INFO] WORKER 3: Saved output/output_mpi/frame_0296.jpg
[INFO] WORKER 1: Saved output/output_mpi/frame_0297.jpg
[INFO] WORKER 2: Saved output/output_mpi/frame_0298.jpg
[INFO] WORKER 3: Saved output/output_mpi/frame_0299.jpg
[INFO] WORKER 1: Saved output/output_mpi/frame_0300.jpg
[INFO] WORKER 2: Saved output/output_mpi/frame_0301.jpg
[INFO] WORKER 3: Saved output/output_mpi/frame_0302.jpg
[INFO] WORKER 1: Saved output/output_mpi/frame_0303.jpg
[INFO] WORKER 2: Saved output/output_mpi/frame_0304.jpg
[INFO] WORKER 3: Saved output/output_mpi/frame_0305.jpg
[INFO] WORKER 1: Saved output/output_mpi/frame_0306.jpg
[INFO] WORKER 2: Saved output/output_mpi/frame_0307.jpg
[INFO] WORKER 3: Saved output/output_mpi/frame_0308.jpg
[INFO] WORKER 1: Saved output/output_mpi/frame_0309.jpg
[INFO] WORKER 2: Saved output/output_mpi/frame_0310.jpg
[INFO] WORKER 3: Saved output/output_mpi/frame_0311.jpg
[INFO] WORKER 2: Saved output/output_mpi/frame_0313.jpg
[INFO] WORKER 1: Saved output/output_mpi/frame_0312.jpg
[INFO] WORKER 2: Saved output/output_mpi/frame_0315.jpg
[INFO] WORKER 3: Saved output/output_mpi/frame_0314.jpg
[INFO] WORKER 1: Saved output/output_mpi/frame_0316.jpg
[INFO] WORKER 2: Saved output/output_mpi/frame_0317.jpg
[INFO] WORKER 3: Saved output/output_mpi/frame_0318.jpg
[INFO] WORKER 1: Saved output/output_mpi/frame_0319.jpg
[INFO] WORKER 2: Saved output/output_mpi/frame_0320.jpg
[INFO] WORKER 3: Saved output/output_mpi/frame_0321.jpg
[INFO] WORKER 1: Saved output/output_mpi/frame_0322.jpg
[INFO] WORKER 2: Saved output/output_mpi/frame_0323.jpg
[INFO] WORKER 3: Saved output/output_mpi/frame_0324.jpg
[INFO] WORKER 1: Saved output/output_mpi/frame_0325.jpg
[INFO] WORKER 2: Saved output/output_mpi/frame_0326.jpg
[INFO] WORKER 3: Saved output/output_mpi/frame_0327.jpg
[INFO] WORKER 1: Saved output/output_mpi/frame_0328.jpg
[INFO] WORKER 2: Saved output/output_mpi/frame_0329.jpg
[INFO] WORKER 3: Saved output/output_mpi/frame_0330.jpg
[INFO] WORKER 1: Saved output/output_mpi/frame_0331.jpg
[INFO] WORKER 2: Saved output/output_mpi/frame_0332.jpg
[INFO] WORKER 3: Saved output/output_mpi/frame_0333.jpg
[INFO] WORKER 1: Saved output/output_mpi/frame_0334.jpg
[INFO] WORKER 2: Saved output/output_mpi/frame_0335.jpg
[INFO] WORKER 3: Saved output/output_mpi/frame_0336.jpg
[INFO] WORKER 1: Saved output/output_mpi/frame_0337.jpg
[INFO] WORKER 2: Saved output/output_mpi/frame_0338.jpg
[INFO] WORKER 3: Saved output/output_mpi/frame_0339.jpg
[INFO] WORKER 1: Saved output/output_mpi/frame_0340.jpg
[INFO] WORKER 2: Saved output/output_mpi/frame_0341.jpg
[INFO] WORKER 3: Saved output/output_mpi/frame_0342.jpg
[INFO] WORKER 1: Saved output/output_mpi/frame_0343.jpg
[INFO] WORKER 2: Saved output/output_mpi/frame_0344.jpg
[INFO] WORKER 3: Saved output/output_mpi/frame_0345.jpg
[INFO] WORKER 1: Saved output/output_mpi/frame_0346.jpg
[INFO] WORKER 2: Saved output/output_mpi/frame_0347.jpg
[INFO] WORKER 3: Saved output/output_mpi/frame_0348.jpg
[INFO] WORKER 1: Saved output/output_mpi/frame_0349.jpg
[INFO] WORKER 2: Saved output/output_mpi/frame_0350.jpg
[INFO] WORKER 3: Saved output/output_mpi/frame_0351.jpg
[INFO] WORKER 1: Saved output/output_mpi/frame_0352.jpg
[INFO] WORKER 2: Saved output/output_mpi/frame_0353.jpg
[INFO] WORKER 3: Saved output/output_mpi/frame_0354.jpg
[INFO] WORKER 1: Saved output/output_mpi/frame_0355.jpg
[INFO] WORKER 2: Saved output/output_mpi/frame_0356.jpg
[INFO] WORKER 3: Saved output/output_mpi/frame_0357.jpg
[INFO] WORKER 1: Saved output/output_mpi/frame_0358.jpg
[INFO] WORKER 2: Saved output/output_mpi/frame_0359.jpg
[INFO] WORKER 3: Saved output/output_mpi/frame_0360.jpg
[INFO] WORKER 1: Saved output/output_mpi/frame_0361.jpg
[INFO] WORKER 2: Saved output/output_mpi/frame_0362.jpg
[INFO] WORKER 3: Saved output/output_mpi/frame_0363.jpg
[INFO] WORKER 1: Saved output/output_mpi/frame_0364.jpg
[INFO] WORKER 2: Saved output/output_mpi/frame_0365.jpg
[INFO] WORKER 3: Saved output/output_mpi/frame_0366.jpg
[INFO] WORKER 1: Saved output/output_mpi/frame_0367.jpg
[INFO] WORKER 2: Saved output/output_mpi/frame_0368.jpg
[INFO] WORKER 3: Saved output/output_mpi/frame_0369.jpg
[INFO] WORKER 1: Saved output/output_mpi/frame_0370.jpg
[INFO] WORKER 2: Saved output/output_mpi/frame_0371.jpg
[INFO] WORKER 3: Saved output/output_mpi/frame_0372.jpg
[INFO] WORKER 1: Saved output/output_mpi/frame_0373.jpg
[INFO] WORKER 2: Saved output/output_mpi/frame_0374.jpg
[INFO] WORKER 3: Saved output/output_mpi/frame_0375.jpg
[INFO] WORKER 1: Saved output/output_mpi/frame_0376.jpg
[INFO] WORKER 2: Saved output/output_mpi/frame_0377.jpg
[INFO] WORKER 3: Saved output/output_mpi/frame_0378.jpg
[INFO] WORKER 1: Saved output/output_mpi/frame_0379.jpg
[INFO] WORKER 2: Saved output/output_mpi/frame_0380.jpg
[INFO] WORKER 3: Saved output/output_mpi/frame_0381.jpg
[INFO] WORKER 1: Saved output/output_mpi/frame_0382.jpg
[INFO] WORKER 2: Saved output/output_mpi/frame_0383.jpg
[INFO] WORKER 3: Saved output/output_mpi/frame_0384.jpg
[INFO] WORKER 1: Saved output/output_mpi/frame_0385.jpg
[INFO] WORKER 2: Saved output/output_mpi/frame_0386.jpg
[INFO] WORKER 3: Saved output/output_mpi/frame_0387.jpg
[INFO] WORKER 1: Saved output/output_mpi/frame_0388.jpg
[INFO] WORKER 2: Saved output/output_mpi/frame_0389.jpg
[INFO] WORKER 3: Saved output/output_mpi/frame_0390.jpg
[INFO] WORKER 1: Saved output/output_mpi/frame_0391.jpg
[INFO] WORKER 2: Saved output/output_mpi/frame_0392.jpg
[INFO] WORKER 3: Saved output/output_mpi/frame_0393.jpg
[INFO] WORKER 1: Saved output/output_mpi/frame_0394.jpg
[INFO] WORKER 2: Saved output/output_mpi/frame_0395.jpg
[INFO] WORKER 3: Saved output/output_mpi/frame_0396.jpg
[INFO] WORKER 1: Saved output/output_mpi/frame_0397.jpg
[INFO] MASTER: All frames processed.
Total MPI execution time: 15.27 seconds
