Friend's Project: Multi-Machine Full Suite Test Orchestration Log - Session: friends_multirun_20250509_141859_nixos
[2025-05-09 14:18:59] Starting Friend's Project Full Suite Test Script...
[2025-05-09 14:18:59] Session ID: friends_multirun_20250509_141859_nixos
[2025-05-09 14:18:59] Logging to Directory: /home/myko/MPI-CUDA-Video-Parallel-Processor/logs/friends_multirun_20250509_141859_nixos
[2025-05-09 14:18:59] Project Root (Friend's): /home/myko/MPI-CUDA-Video-Parallel-Processor
[2025-05-09 14:18:59] Target hosts configured:
[2025-05-09 14:18:59]   - myko@192.168.1.158 50
[2025-05-09 14:18:59]   - myko@192.168.1.97 50
[2025-05-09 14:18:59] --- Running Initial Cluster-Wide Setup for Friend's Project ---
[2025-05-09 14:18:59] --- Phase 1: SSH Setup ---
[2025-05-09 14:18:59] Checking SSH to myko@192.168.1.158 from myko@192.168.1.158...
[2025-05-09 14:19:00] SUCCESS: Passwordless SSH to myko@192.168.1.158.
[2025-05-09 14:19:00] Checking SSH to myko@192.168.1.97 from myko@192.168.1.158...
[2025-05-09 14:19:00] SUCCESS: Passwordless SSH to myko@192.168.1.97.
[2025-05-09 14:19:00] --- SSH Setup Phase Completed ---
[2025-05-09 14:19:00] Combined CUDA arch flags for builds: -gencode arch=compute_50,code=sm_50 -gencode arch=compute_50,code=compute_50 
[2025-05-09 14:19:00] --- Preparing Input Frames (on master node) ---
[2025-05-09 14:19:00] Found video cappy.mp4. Extracting frames using /home/myko/MPI-CUDA-Video-Parallel-Processor/src/extract_frames.py to /home/myko/MPI-CUDA-Video-Parallel-Processor/frames/
[2025-05-09 14:19:33] Frame extraction complete. See /home/myko/MPI-CUDA-Video-Parallel-Processor/logs/friends_multirun_20250509_141859_nixos/frame_extraction.log.
[2025-05-09 14:19:33] --- Syncing Project Root to Worker Nodes (includes frames, excludes build/exec/output initially) ---
[2025-05-09 14:19:33] Initial sync of /home/myko/MPI-CUDA-Video-Parallel-Processor/ to myko@192.168.1.97:/home/myko/MPI-CUDA-Video-Parallel-Processor/
[2025-05-09 14:19:33]   Executing rsync (Log: friends_multirun_20250509_141859_nixos/rsync_initial_to_192.168.1.97.log)...
[2025-05-09 14:19:34] SUCCESS: Initial sync to myko@192.168.1.97.
[2025-05-09 14:19:34] --- Initial Sync Phase Completed ---
[2025-05-09 14:19:34] --- Creating MPI Hostfile ---
[2025-05-09 14:19:34] MPI Hostfile: /home/myko/MPI-CUDA-Video-Parallel-Processor/logs/friends_multirun_20250509_141859_nixos/mpi_cluster_hosts.txt
192.168.1.158 slots=1
192.168.1.97 slots=1
[2025-05-09 14:19:34] --- MPI Hostfile Creation Phase Completed ---
[2025-05-09 14:19:34] --- Initial Cluster-Wide Setup Completed ---
[2025-05-09 14:19:34] --- Starting Friend's Project Test Suite ---
[2025-05-09 14:19:34] -- Building Target: serial (Executable: /home/myko/MPI-CUDA-Video-Parallel-Processor/exec/exec_serial) --
[2025-05-09 14:19:34]   Attempting to remove old executable: /home/myko/MPI-CUDA-Video-Parallel-Processor/exec/exec_serial (and ensure /home/myko/MPI-CUDA-Video-Parallel-Processor/exec exists)
[2025-05-09 14:19:34]   Executing build: make -C '/home/myko/MPI-CUDA-Video-Parallel-Processor' serial (Log: friends_multirun_20250509_141859_nixos/make_serial.log)
[2025-05-09 14:19:35]     Build Status for exec_serial: Build OK reported by make, but executable '/home/myko/MPI-CUDA-Video-Parallel-Processor/exec/exec_serial' is MISSING.
[2025-05-09 14:19:35] === Testing Serial (NP=1) ===
